Build started 2014-06-14 10:12:44.
     1>Project "D:\Interpretator\Interpretator\Interpretator.vcxproj" on node 2 (Build target(s)).
     1>ClCompile:
         C:\Program Files (x86)\Microsoft Visual Studio 11.0\VC\bin\CL.exe /c /ZI /nologo /W3 /WX- /Od /Oy- /D WIN32 /D _DEBUG /D _CONSOLE /D _UNICODE /D UNICODE /Gm /EHsc /RTC1 /MDd /GS /fp:precise /Zc:wchar_t /Zc:forScope /Fo"Debug\\" /Fd"Debug\vc110.pdb" /Gd /TP /analyze- /errorReport:prompt Main.cpp
         Main.cpp
     1>d:\interpretator\interpretator\objecttypes.h(108): warning C4244: 'return' : conversion from 'double' to 'float', possible loss of data
     1>d:\interpretator\interpretator\main.cpp(85): warning C4244: 'argument' : conversion from 'double' to 'unsigned long', possible loss of data
     1>d:\interpretator\interpretator\main.cpp(85): warning C4996: '_sleep': This function or variable has been superceded by newer library or operating system functionality. Consider using Sleep instead. See online help for details.
                 c:\program files (x86)\microsoft visual studio 11.0\vc\include\stdlib.h(881) : see declaration of '_sleep'
     1>d:\interpretator\interpretator\main.cpp(374): warning C4244: '=' : conversion from 'float' to 'int', possible loss of data
     1>d:\interpretator\interpretator\main.cpp(401): warning C4244: '=' : conversion from 'float' to 'int', possible loss of data
     1>d:\interpretator\interpretator\main.cpp(466): warning C4244: '=' : conversion from 'float' to 'int', possible loss of data
     1>d:\interpretator\interpretator\main.cpp(493): warning C4244: '=' : conversion from 'float' to 'int', possible loss of data
     1>c:\program files (x86)\microsoft visual studio 11.0\vc\include\utility(182): warning C4244: 'initializing' : conversion from 'float' to 'int', possible loss of data
                 d:\interpretator\interpretator\main.cpp(334) : see reference to function template instantiation 'std::pair<_Ty1,_Ty2>::pair<TOKENTYPE,float>(std::pair<_Ty1,float> &&,void **)' being compiled
                 with
                 [
                     _Ty1=TOKENTYPE,
                     _Ty2=int
                 ]
                 d:\interpretator\interpretator\main.cpp(334) : see reference to function template instantiation 'std::pair<_Ty1,_Ty2>::pair<TOKENTYPE,float>(std::pair<_Ty1,float> &&,void **)' being compiled
                 with
                 [
                     _Ty1=TOKENTYPE,
                     _Ty2=int
                 ]
       Link:
         C:\Program Files (x86)\Microsoft Visual Studio 11.0\VC\bin\link.exe /ERRORREPORT:PROMPT /OUT:"D:\Interpretator\Debug\Interpretator.exe" /INCREMENTAL /NOLOGO kernel32.lib user32.lib gdi32.lib winspool.lib comdlg32.lib advapi32.lib shell32.lib ole32.lib oleaut32.lib uuid.lib odbc32.lib odbccp32.lib /MANIFEST /MANIFESTUAC:"level='asInvoker' uiAccess='false'" /manifest:embed /DEBUG /PDB:"D:\Interpretator\Debug\Interpretator.pdb" /SUBSYSTEM:CONSOLE /TLBID:1 /DYNAMICBASE /NXCOMPAT /IMPLIB:"D:\Interpretator\Debug\Interpretator.lib" /MACHINE:X86 Debug\Main.obj
         Interpretator.vcxproj -> D:\Interpretator\Debug\Interpretator.exe
     1>Done Building Project "D:\Interpretator\Interpretator\Interpretator.vcxproj" (Build target(s)).

Build succeeded.

Time Elapsed 00:00:02.55
