\\STORAGE10.STUDENT.BTH.SE\STUDENTS\20102\TOAB10\VISUAL STUDIO 2012\PROJECTS\INTERPRETATOR\INTERPRETATOR\DEBUG\MAIN.OBJ
\\STORAGE10.STUDENT.BTH.SE\STUDENTS\20102\TOAB10\VISUAL STUDIO 2012\PROJECTS\INTERPRETATOR\INTERPRETATOR\DEBUG\VC110.PDB
J:\VISUAL STUDIO 2012\PROJECTS\INTERPRETATOR\INTERPRETATOR\DEBUG\MAIN.OBJ
J:\VISUAL STUDIO 2012\PROJECTS\INTERPRETATOR\INTERPRETATOR\DEBUG\VC110.PDB
\\STORAGE10.STUDENT.BTH.SE\STUDENTS\20102\TOAB10\VISUAL STUDIO 2012\PROJECTS\INTERPRETATOR\DEBUG\INTERPRETATOR.ILK
\\STORAGE10.STUDENT.BTH.SE\STUDENTS\20102\TOAB10\VISUAL STUDIO 2012\PROJECTS\INTERPRETATOR\DEBUG\INTERPRETATOR.EXE
\\STORAGE10.STUDENT.BTH.SE\STUDENTS\20102\TOAB10\VISUAL STUDIO 2012\PROJECTS\INTERPRETATOR\DEBUG\INTERPRETATOR.PDB
J:\VISUAL STUDIO 2012\PROJECTS\INTERPRETATOR\DEBUG\INTERPRETATOR.ILK
J:\VISUAL STUDIO 2012\PROJECTS\INTERPRETATOR\DEBUG\INTERPRETATOR.EXE
J:\VISUAL STUDIO 2012\PROJECTS\INTERPRETATOR\DEBUG\INTERPRETATOR.PDB
J:\Visual Studio 2012\Projects\Interpretator\Interpretator\Debug\Main.obj
J:\Visual Studio 2012\Projects\Interpretator\Interpretator\Debug\CL.read.1.tlog
J:\Visual Studio 2012\Projects\Interpretator\Interpretator\Debug\CL.write.1.tlog
J:\Visual Studio 2012\Projects\Interpretator\Interpretator\Debug\cl.command.1.tlog
J:\Visual Studio 2012\Projects\Interpretator\Interpretator\Debug\link-rc.read.1.tlog
J:\Visual Studio 2012\Projects\Interpretator\Interpretator\Debug\link-rc.write.1.tlog
J:\Visual Studio 2012\Projects\Interpretator\Interpretator\Debug\link-cvtres.read.1.tlog
J:\Visual Studio 2012\Projects\Interpretator\Interpretator\Debug\link-cvtres.write.1.tlog
J:\Visual Studio 2012\Projects\Interpretator\Interpretator\Debug\link.read.1.tlog
J:\Visual Studio 2012\Projects\Interpretator\Interpretator\Debug\link.write.1.tlog
J:\Visual Studio 2012\Projects\Interpretator\Interpretator\Debug\link.command.1.tlog
J:\Visual Studio 2012\Projects\Interpretator\Interpretator\Debug\link.3352-rc.read.1.tlog
J:\Visual Studio 2012\Projects\Interpretator\Interpretator\Debug\link.3352-rc.write.1.tlog
J:\Visual Studio 2012\Projects\Interpretator\Interpretator\Debug\link.3352-cvtres.read.1.tlog
J:\Visual Studio 2012\Projects\Interpretator\Interpretator\Debug\link.3352-cvtres.write.1.tlog
J:\Visual Studio 2012\Projects\Interpretator\Interpretator\Debug\link.3352.read.1.tlog
J:\Visual Studio 2012\Projects\Interpretator\Interpretator\Debug\link.3352.write.1.tlog
J:\Visual Studio 2012\Projects\Interpretator\Interpretator\Debug\link.5820-rc.read.1.tlog
J:\Visual Studio 2012\Projects\Interpretator\Interpretator\Debug\link.5820-rc.write.1.tlog
J:\Visual Studio 2012\Projects\Interpretator\Interpretator\Debug\link.5820-cvtres.read.1.tlog
J:\Visual Studio 2012\Projects\Interpretator\Interpretator\Debug\link.5820-cvtres.write.1.tlog
J:\Visual Studio 2012\Projects\Interpretator\Interpretator\Debug\link.5820.read.1.tlog
J:\Visual Studio 2012\Projects\Interpretator\Interpretator\Debug\link.5820.write.1.tlog
J:\Visual Studio 2012\Projects\Interpretator\Interpretator\Debug\link.536-rc.read.1.tlog
J:\Visual Studio 2012\Projects\Interpretator\Interpretator\Debug\link.536-rc.write.1.tlog
J:\Visual Studio 2012\Projects\Interpretator\Interpretator\Debug\link.536-cvtres.read.1.tlog
J:\Visual Studio 2012\Projects\Interpretator\Interpretator\Debug\link.536-cvtres.write.1.tlog
J:\Visual Studio 2012\Projects\Interpretator\Interpretator\Debug\link.536.read.1.tlog
J:\Visual Studio 2012\Projects\Interpretator\Interpretator\Debug\link.536.write.1.tlog
J:\Visual Studio 2012\Projects\Interpretator\Interpretator\Debug\link.2316-rc.read.1.tlog
J:\Visual Studio 2012\Projects\Interpretator\Interpretator\Debug\link.2316-rc.write.1.tlog
J:\Visual Studio 2012\Projects\Interpretator\Interpretator\Debug\link.2316-cvtres.read.1.tlog
J:\Visual Studio 2012\Projects\Interpretator\Interpretator\Debug\link.2316-cvtres.write.1.tlog
J:\Visual Studio 2012\Projects\Interpretator\Interpretator\Debug\link.2316.read.1.tlog
J:\Visual Studio 2012\Projects\Interpretator\Interpretator\Debug\link.2316.write.1.tlog
J:\Visual Studio 2012\Projects\Interpretator\Interpretator\Debug\link.5628-rc.read.1.tlog
J:\Visual Studio 2012\Projects\Interpretator\Interpretator\Debug\link.5628-rc.write.1.tlog
J:\Visual Studio 2012\Projects\Interpretator\Interpretator\Debug\link.5628-cvtres.read.1.tlog
J:\Visual Studio 2012\Projects\Interpretator\Interpretator\Debug\link.5628-cvtres.write.1.tlog
J:\Visual Studio 2012\Projects\Interpretator\Interpretator\Debug\link.5628.read.1.tlog
J:\Visual Studio 2012\Projects\Interpretator\Interpretator\Debug\link.5628.write.1.tlog
J:\Visual Studio 2012\Projects\Interpretator\Interpretator\Debug\link.6636-rc.read.1.tlog
J:\Visual Studio 2012\Projects\Interpretator\Interpretator\Debug\link.6636-rc.write.1.tlog
J:\Visual Studio 2012\Projects\Interpretator\Interpretator\Debug\link.6636-cvtres.read.1.tlog
J:\Visual Studio 2012\Projects\Interpretator\Interpretator\Debug\link.6636-cvtres.write.1.tlog
J:\Visual Studio 2012\Projects\Interpretator\Interpretator\Debug\link.6636.read.1.tlog
J:\Visual Studio 2012\Projects\Interpretator\Interpretator\Debug\link.6636.write.1.tlog
J:\Visual Studio 2012\Projects\Interpretator\Interpretator\Debug\link.6984-rc.read.1.tlog
J:\Visual Studio 2012\Projects\Interpretator\Interpretator\Debug\link.6984-rc.write.1.tlog
J:\Visual Studio 2012\Projects\Interpretator\Interpretator\Debug\link.6984-cvtres.read.1.tlog
J:\Visual Studio 2012\Projects\Interpretator\Interpretator\Debug\link.6984-cvtres.write.1.tlog
J:\Visual Studio 2012\Projects\Interpretator\Interpretator\Debug\link.6984.read.1.tlog
J:\Visual Studio 2012\Projects\Interpretator\Interpretator\Debug\link.6984.write.1.tlog
J:\Visual Studio 2012\Projects\Interpretator\Interpretator\Debug\link.6280-rc.read.1.tlog
J:\Visual Studio 2012\Projects\Interpretator\Interpretator\Debug\link.6280-rc.write.1.tlog
J:\Visual Studio 2012\Projects\Interpretator\Interpretator\Debug\link.6280-cvtres.read.1.tlog
J:\Visual Studio 2012\Projects\Interpretator\Interpretator\Debug\link.6280-cvtres.write.1.tlog
J:\Visual Studio 2012\Projects\Interpretator\Interpretator\Debug\link.6280.read.1.tlog
J:\Visual Studio 2012\Projects\Interpretator\Interpretator\Debug\link.6280.write.1.tlog
J:\Visual Studio 2012\Projects\Interpretator\Interpretator\Debug\link.7072-rc.read.1.tlog
J:\Visual Studio 2012\Projects\Interpretator\Interpretator\Debug\link.7072-rc.write.1.tlog
J:\Visual Studio 2012\Projects\Interpretator\Interpretator\Debug\link.7072-cvtres.read.1.tlog
J:\Visual Studio 2012\Projects\Interpretator\Interpretator\Debug\link.7072-cvtres.write.1.tlog
J:\Visual Studio 2012\Projects\Interpretator\Interpretator\Debug\link.7072.read.1.tlog
J:\Visual Studio 2012\Projects\Interpretator\Interpretator\Debug\link.7072.write.1.tlog
J:\Visual Studio 2012\Projects\Interpretator\Interpretator\Debug\link.2408-rc.read.1.tlog
J:\Visual Studio 2012\Projects\Interpretator\Interpretator\Debug\link.2408-rc.write.1.tlog
J:\Visual Studio 2012\Projects\Interpretator\Interpretator\Debug\link.2408-cvtres.read.1.tlog
J:\Visual Studio 2012\Projects\Interpretator\Interpretator\Debug\link.2408-cvtres.write.1.tlog
J:\Visual Studio 2012\Projects\Interpretator\Interpretator\Debug\link.2408.read.1.tlog
J:\Visual Studio 2012\Projects\Interpretator\Interpretator\Debug\link.2408.write.1.tlog
J:\Visual Studio 2012\Projects\Interpretator\Interpretator\Debug\link.3796-rc.read.1.tlog
J:\Visual Studio 2012\Projects\Interpretator\Interpretator\Debug\link.3796-rc.write.1.tlog
J:\Visual Studio 2012\Projects\Interpretator\Interpretator\Debug\link.3796-cvtres.read.1.tlog
J:\Visual Studio 2012\Projects\Interpretator\Interpretator\Debug\link.3796-cvtres.write.1.tlog
J:\Visual Studio 2012\Projects\Interpretator\Interpretator\Debug\link.3796.read.1.tlog
J:\Visual Studio 2012\Projects\Interpretator\Interpretator\Debug\link.3796.write.1.tlog
J:\Visual Studio 2012\Projects\Interpretator\Interpretator\Debug\link.7056-rc.read.1.tlog
J:\Visual Studio 2012\Projects\Interpretator\Interpretator\Debug\link.7056-rc.write.1.tlog
J:\Visual Studio 2012\Projects\Interpretator\Interpretator\Debug\link.7056-cvtres.read.1.tlog
J:\Visual Studio 2012\Projects\Interpretator\Interpretator\Debug\link.7056-cvtres.write.1.tlog
J:\Visual Studio 2012\Projects\Interpretator\Interpretator\Debug\link.7056.read.1.tlog
J:\Visual Studio 2012\Projects\Interpretator\Interpretator\Debug\link.7056.write.1.tlog
J:\Visual Studio 2012\Projects\Interpretator\Interpretator\Debug\link.5456-rc.read.1.tlog
J:\Visual Studio 2012\Projects\Interpretator\Interpretator\Debug\link.5456-rc.write.1.tlog
J:\Visual Studio 2012\Projects\Interpretator\Interpretator\Debug\link.5456-cvtres.read.1.tlog
J:\Visual Studio 2012\Projects\Interpretator\Interpretator\Debug\link.5456-cvtres.write.1.tlog
J:\Visual Studio 2012\Projects\Interpretator\Interpretator\Debug\link.5456.read.1.tlog
J:\Visual Studio 2012\Projects\Interpretator\Interpretator\Debug\link.5456.write.1.tlog
J:\Visual Studio 2012\Projects\Interpretator\Interpretator\Debug\link.2088-rc.read.1.tlog
J:\Visual Studio 2012\Projects\Interpretator\Interpretator\Debug\link.2088-rc.write.1.tlog
J:\Visual Studio 2012\Projects\Interpretator\Interpretator\Debug\link.2088-cvtres.read.1.tlog
J:\Visual Studio 2012\Projects\Interpretator\Interpretator\Debug\link.2088-cvtres.write.1.tlog
J:\Visual Studio 2012\Projects\Interpretator\Interpretator\Debug\link.2088.read.1.tlog
J:\Visual Studio 2012\Projects\Interpretator\Interpretator\Debug\link.2088.write.1.tlog
J:\Visual Studio 2012\Projects\Interpretator\Interpretator\Debug\link.4912-rc.read.1.tlog
J:\Visual Studio 2012\Projects\Interpretator\Interpretator\Debug\link.4912-rc.write.1.tlog
J:\Visual Studio 2012\Projects\Interpretator\Interpretator\Debug\link.4912-cvtres.read.1.tlog
J:\Visual Studio 2012\Projects\Interpretator\Interpretator\Debug\link.4912-cvtres.write.1.tlog
J:\Visual Studio 2012\Projects\Interpretator\Interpretator\Debug\link.4912.read.1.tlog
J:\Visual Studio 2012\Projects\Interpretator\Interpretator\Debug\link.4912.write.1.tlog
J:\Visual Studio 2012\Projects\Interpretator\Interpretator\Debug\link.6664-rc.read.1.tlog
J:\Visual Studio 2012\Projects\Interpretator\Interpretator\Debug\link.6664-rc.write.1.tlog
J:\Visual Studio 2012\Projects\Interpretator\Interpretator\Debug\link.6664-cvtres.read.1.tlog
J:\Visual Studio 2012\Projects\Interpretator\Interpretator\Debug\link.6664-cvtres.write.1.tlog
J:\Visual Studio 2012\Projects\Interpretator\Interpretator\Debug\link.6664.read.1.tlog
J:\Visual Studio 2012\Projects\Interpretator\Interpretator\Debug\link.6664.write.1.tlog
J:\Visual Studio 2012\Projects\Interpretator\Interpretator\Debug\link.4176-rc.read.1.tlog
J:\Visual Studio 2012\Projects\Interpretator\Interpretator\Debug\link.4176-rc.write.1.tlog
J:\Visual Studio 2012\Projects\Interpretator\Interpretator\Debug\link.4176-cvtres.read.1.tlog
J:\Visual Studio 2012\Projects\Interpretator\Interpretator\Debug\link.4176-cvtres.write.1.tlog
J:\Visual Studio 2012\Projects\Interpretator\Interpretator\Debug\link.4176.read.1.tlog
J:\Visual Studio 2012\Projects\Interpretator\Interpretator\Debug\link.4176.write.1.tlog
J:\Visual Studio 2012\Projects\Interpretator\Interpretator\Debug\vc110.idb
J:\Visual Studio 2012\Projects\Interpretator\Interpretator\Debug\vc110.pdb
J:\Visual Studio 2012\Projects\Interpretator\Debug\Interpretator.pdb
J:\Visual Studio 2012\Projects\Interpretator\Debug\Interpretator.exe
J:\Visual Studio 2012\Projects\Interpretator\Debug\Interpretator.ilk
